proguard/seeds.txt
com.android.mywifi02.parser.R$anim: int animprogress
com.android.mywifi02.parser.R$color: int RoyalBlue
com.android.mywifi02.parser.R$color: int Sienna
com.android.mywifi02.parser.R$color: int black
com.android.mywifi02.parser.R$color: int blue
com.android.mywifi02.parser.R$color: int cornflowerblue
com.android.mywifi02.parser.R$color: int darkGray
com.android.mywifi02.parser.R$color: int darkOrange
com.android.mywifi02.parser.R$color: int eben_recduction_alert_text_color
com.android.mywifi02.parser.R$color: int eben_user_account_text_color
com.android.mywifi02.parser.R$color: int eben_user_truename_text_color
com.android.mywifi02.parser.R$color: int edit_contact_divider
com.android.mywifi02.parser.R$color: int gray
com.android.mywifi02.parser.R$color: int lightGray
com.android.mywifi02.parser.R$color: int lightOrange
com.android.mywifi02.parser.R$color: int rosybrown
com.android.mywifi02.parser.R$color: int settingtitlebar
com.android.mywifi02.parser.R$color: int status_text
com.android.mywifi02.parser.R$color: int sync_button_text_color
com.android.mywifi02.parser.R$color: int sync_count_text_color
com.android.mywifi02.parser.R$color: int sync_dialog_status_text
com.android.mywifi02.parser.R$color: int sync_dialog_title_text
com.android.mywifi02.parser.R$color: int sys_text
com.android.mywifi02.parser.R$color: int title_text
com.android.mywifi02.parser.R$color: int translucent
com.android.mywifi02.parser.R$color: int white
com.android.mywifi02.parser.R$color: int wifi_bg_color
com.android.mywifi02.parser.R$dimen: int activity_horizontal_margin
com.android.mywifi02.parser.R$dimen: int activity_vertical_margin
com.android.mywifi02.parser.R$drawable: int bg_icon
com.android.mywifi02.parser.R$drawable: int bt_select
com.android.mywifi02.parser.R$drawable: int button_down2
com.android.mywifi02.parser.R$drawable: int button_up2
com.android.mywifi02.parser.R$drawable: int dialogbg
com.android.mywifi02.parser.R$drawable: int editgroup_item_bg
com.android.mywifi02.parser.R$drawable: int focusing
com.android.mywifi02.parser.R$drawable: int frame_bg
com.android.mywifi02.parser.R$drawable: int frame_bg1
com.android.mywifi02.parser.R$drawable: int ic_launcher
com.android.mywifi02.parser.R$drawable: int ic_wifi_lock_signal_1
com.android.mywifi02.parser.R$drawable: int ic_wifi_lock_signal_2
com.android.mywifi02.parser.R$drawable: int ic_wifi_lock_signal_3
com.android.mywifi02.parser.R$drawable: int ic_wifi_lock_signal_4
com.android.mywifi02.parser.R$drawable: int icon
com.android.mywifi02.parser.R$drawable: int image_viewer_btn_bg_nor
com.android.mywifi02.parser.R$drawable: int image_viewer_btn_bg_press
com.android.mywifi02.parser.R$drawable: int wifi_body_check
com.android.mywifi02.parser.R$drawable: int wifi_body_ripple
com.android.mywifi02.parser.R$drawable: int wifi_bottom_menu_btn
com.android.mywifi02.parser.R$drawable: int wifi_bottom_menu_btn_highlight
com.android.mywifi02.parser.R$drawable: int wifi_bottom_menu_btn_selector
com.android.mywifi02.parser.R$drawable: int work
com.android.mywifi02.parser.R$drawable: int work1
...
net.youmi.android.offers.b.b.c.d
net.youmi.android.offers.b.b.c.d: java.lang.String a
net.youmi.android.offers.b.b.c.d: java.lang.String b
net.youmi.android.offers.b.b.c.d: java.lang.String c
net.youmi.android.offers.b.b.c.d: net.youmi.android.offers.b.b.c.d d
net.youmi.android.offers.b.b.c.d: android.content.Context e
net.youmi.android.offers.b.b.c.d: d(android.content.Context)
net.youmi.android.offers.b.b.c.d: net.youmi.android.offers.b.b.c.d a(android.content.Context)
net.youmi.android.offers.b.b.c.d: int a()
net.youmi.android.offers.b.b.c.d: boolean a(int)
net.youmi.android.offers.b.b.c.d: boolean b(int)
net.youmi.android.offers.b.b.c.d: boolean a(android.content.Context,int)
net.youmi.android.offers.b.b.c.d: int b(android.content.Context)
net.youmi.android.offers.b.b.c.d: void <clinit>()
net.youmi.android.offers.b.b.c.e
net.youmi.android.offers.b.b.c.e: void a(android.content.Context,net.youmi.android.offers.EarnPointsOrderInfo)
net.youmi.android.offers.b.b.c.e: void a(android.content.Context,net.youmi.android.offers.EarnPointsOrderInfo,net.youmi.android.c.k.a)
net.youmi.android.offers.b.b.c.e: void b(android.content.Context,net.youmi.android.offers.EarnPointsOrderInfo,net.youmi.android.c.k.a)
net.youmi.android.offers.b.b.c.f
net.youmi.android.offers.b.b.c.f: void a(android.content.Context,java.lang.String,int,int)
net.youmi.android.offers.b.b.c.f: android.view.View a(android.content.Context,java.lang.String,int)
net.youmi.android.offers.b.b.c.g
net.youmi.android.offers.b.b.c.g: android.content.Context a
net.youmi.android.offers.b.b.c.g: java.lang.String b
net.youmi.android.offers.b.b.c.g: int c
net.youmi.android.offers.b.b.c.g: int d
net.youmi.android.offers.b.b.c.g: g(android.content.Context,java.lang.String,int,int)
net.youmi.android.offers.b.b.c.g: void run()
net.youmi.android.offers.b.b.c.h
net.youmi.android.offers.b.b.c.h: android.app.PendingIntent d(android.content.Context)
net.youmi.android.offers.b.b.c.h: void a(android.content.Context)
net.youmi.android.offers.b.b.c.h: void a(android.content.Context,long)
net.youmi.android.offers.b.b.c.h: void b(android.content.Context)
net.youmi.android.offers.b.b.c.h: void c(android.content.Context)
net.youmi.android.offers.b.b.c.i
net.youmi.android.offers.b.b.c.i: void a(android.content.Context)
net.youmi.android.offers.b.b.c.i: void b(android.content.Context)
net.youmi.android.offers.b.b.c.i: void c(android.content.Context)
net.youmi.android.offers.b.b.c.i: long a(android.content.Context,java.lang.String)
net.youmi.android.offers.b.b.c.i: boolean d(android.content.Context)
net.youmi.android.offers.b.b.c.j
net.youmi.android.offers.b.b.c.j: java.lang.String a(android.content.Context)
net.youmi.android.offers.b.b.c.j: void a(android.content.Context,java.lang.String)
net.youmi.android.offers.b.b.d.a
net.youmi.android.offers.b.b.d.a: net.youmi.android.offers.b.b.d.b a
net.youmi.android.offers.b.b.d.a: void a()
net.youmi.android.offers.b.b.d.a: void a(android.content.Context)
net.youmi.android.offers.b.b.d.b
net.youmi.android.offers.b.b.d.b: net.youmi.android.a.k.a.j a
net.youmi.android.offers.b.b.d.b: net.youmi.android.a.h.l b
net.youmi.android.offers.b.b.d.b: b(android.content.Context)
net.youmi.android.offers.b.b.d.b: int b()
net.youmi.android.offers.b.b.d.b: void a()
net.youmi.android.offers.b.b.d.b: boolean proxyClearWebViewHistory()
net.youmi.android.offers.b.b.d.b: boolean proxyCloseCurrentWindow()
net.youmi.android.offers.b.b.d.b: boolean proxyLoadUrl(java.lang.String)
net.youmi.android.offers.b.b.d.b: boolean proxyPostUrl(java.lang.String,byte[])
net.youmi.android.offers.b.b.d.b: net.youmi.android.a.h.f js_SDK_Handler_ClearCurrentBrowserHistory()
net.youmi.android.offers.b.b.d.b: boolean js_SDK_Handler_RunOnUIThread(java.lang.Runnable)
net.youmi.android.offers.b.b.d.b: boolean proxySetVisibility(int)