proguard/mapping.txt
net.youmi.android.b.a.b -> net.youmi.android.b.a.b:
    java.lang.String a -> a
    java.lang.String b -> b
    java.lang.String c -> c
    java.lang.String d -> d
    java.lang.String e -> e
    boolean f -> f
    java.lang.String f() -> f
    java.lang.String a(android.content.Context) -> a
    java.lang.String a(java.lang.String) -> a
    boolean g() -> g
    java.lang.String a() -> a
    java.lang.String b() -> b
    java.lang.String c() -> c
    java.lang.String d() -> d
    boolean e() -> e
net.youmi.android.b.a.c -> net.youmi.android.b.a.c:
    void a(java.lang.String,java.io.ByteArrayOutputStream) -> a
net.youmi.android.b.b.a -> net.youmi.android.b.b.a:
    java.lang.String a -> a
    java.lang.String b -> b
    java.lang.String c -> c
    int d -> d
    int e -> e
    java.lang.String f -> f
    boolean g -> g
    java.lang.String a() -> a
    java.lang.String a(android.content.Context) -> a
    void a(android.content.Context,java.lang.String) -> a
    java.lang.String b(android.content.Context) -> b
    void b(android.content.Context,java.lang.String) -> b
    boolean c(android.content.Context) -> c
    java.lang.String d(android.content.Context) -> d
    int e(android.content.Context) -> e
    int f(android.content.Context) -> f
    void c(android.content.Context,java.lang.String) -> c
    java.lang.String g(android.content.Context) -> g
    void a(boolean) -> a
    boolean b() -> b
net.youmi.android.b.b.b -> net.youmi.android.b.b.b:
    boolean a(android.content.Context,java.lang.String,java.lang.String,java.lang.String,java.lang.String) -> a
    java.lang.String b(android.content.Context,java.lang.String,java.lang.String,java.lang.String,java.lang.String) -> b
net.youmi.android.banner.AdSize -> net.youmi.android.banner.AdSize:
    int FILL_PARENT -> FILL_PARENT
    int WRAP_CONTENT -> WRAP_CONTENT
    int LANDSPACE_AD_HEIGHT -> LANDSPACE_AD_HEIGHT
    int PORAIT_AD_HEIGHT -> PORAIT_AD_HEIGHT
    int LARGE_AD_HEIGHT -> LARGE_AD_HEIGHT
    net.youmi.android.banner.AdSize SIZE_320x50 -> SIZE_320x50
    net.youmi.android.banner.AdSize SIZE_300x250 -> SIZE_300x250
    net.youmi.android.banner.AdSize SIZE_468x60 -> SIZE_468x60
    net.youmi.android.banner.AdSize SIZE_728x90 -> SIZE_728x90
    net.youmi.android.banner.AdSize FIT_SCREEN -> FIT_SCREEN
    int a -> a
    int b -> b
    int c -> c
    int d -> d
    int getAdWidth() -> getAdWidth
    int getAdHeight() -> getAdHeight
    int resizeWidth(android.content.Context) -> resizeWidth
    int resizeHeight(android.content.Context) -> resizeHeight
net.youmi.android.banner.AdView -> net.youmi.android.banner.AdView:
    net.youmi.android.banner.AdViewLinstener a -> a
    net.youmi.android.banner.e e -> e
    java.lang.String f -> f
    android.content.Context g -> g
    net.youmi.android.banner.AdSize b -> b
    int c -> c
    int d -> d
    int h -> h
    boolean i -> i
    void a() -> a
    void setAdListener(net.youmi.android.banner.AdViewLinstener) -> setAdListener
    boolean a(android.content.Context) -> a
    void onAttachedToWindow() -> onAttachedToWindow
    void onDetachedFromWindow() -> onDetachedFromWindow
    void onWindowFocusChanged(boolean) -> onWindowFocusChanged
    int getVisibility() -> getVisibility
    void setVisibility(int) -> setVisibility
net.youmi.android.banner.AdViewLinstener -> net.youmi.android.banner.AdViewLinstener:
    void onReceivedAd(net.youmi.android.banner.AdView) -> onReceivedAd
    void onSwitchedAd(net.youmi.android.banner.AdView) -> onSwitchedAd
    void onFailedToReceivedAd(net.youmi.android.banner.AdView) -> onFailedToReceivedAd