proguard/usage.txt
com.android.mywifi02.parser.BuildConfig
com.android.mywifi02.parser.R
com.android.mywifi02.parser.R$anim
com.android.mywifi02.parser.R$attr
com.android.mywifi02.parser.R$color
com.android.mywifi02.parser.R$dimen
com.android.mywifi02.parser.R$drawable
com.android.mywifi02.parser.R$id
com.android.mywifi02.parser.R$layout
com.android.mywifi02.parser.R$menu
com.android.mywifi02.parser.R$string
com.android.mywifi02.parser.R$style
...
android.support.v4.app.DialogFragment
android.support.v4.app.Fragment:
    static final int INITIALIZING
    static final int CREATED
    static final int ACTIVITY_CREATED
    static final int STOPPED
    static final int STARTED
    static final int RESUMED
    481:481:public final int getId()
    488:488:public final java.lang.String getTag()
    499:503:public void setArguments(android.os.Bundle)
    510:510:public final android.os.Bundle getArguments()
    522:527:public void setInitialSavedState(android.support.v4.app.Fragment$SavedState)
    541:543:public void setTargetFragment(android.support.v4.app.Fragment,int)
    549:549:public final android.support.v4.app.Fragment getTargetFragment()
    556:556:public final int getTargetRequestCode()
    583:583:public final java.lang.CharSequence getText(int)
    593:593:public final java.lang.String getString(int)
    606:606:public final varargs java.lang.String getString(int,java.lang.Object[])
    620:620:public final android.support.v4.app.FragmentManager getFragmentManager()
    628:640:public final android.support.v4.app.FragmentManager getChildFragmentManager()
    648:648:public final android.support.v4.app.Fragment getParentFragment()
    655:655:public final boolean isAdded()
    673:673:public final boolean isRemoving()
    684:684:public final boolean isInLayout()
    692:692:public final boolean isResumed()
    701:701:public final boolean isVisible()
    713:713:public final boolean isHidden()
android.support.v4.app.Fragment$SavedState:
    301:303:Fragment$SavedState(android.os.Bundle)
android.support.v4.app.FragmentActivity:
    private static final java.lang.String TAG
    static final java.lang.String FRAGMENTS_TAG
    private static final int HONEYCOMB
    static final int MSG_REALLY_STOPPED
    static final int MSG_RESUME_PENDING
    70:129:public FragmentActivity()
    612:614:public java.lang.Object getLastCustomNonConfigurationInstance()
    805:805:public android.support.v4.app.FragmentManager getSupportFragmentManager()
    825:833:public void startActivityFromFragment(android.support.v4.app.Fragment,android.content.Intent,int)
    854:859:public android.support.v4.app.LoaderManager getSupportLoaderManager()
android.support.v4.app.FragmentActivity$1
android.support.v4.app.FragmentActivity$2
android.support.v4.app.FragmentActivity$FragmentTag:
    public static final int Fragment_id
    public static final int Fragment_name
    public static final int Fragment_tag
    129:129:FragmentActivity$FragmentTag()